[INFO ] 2025-08-28 15:36:45.003 [main] StepDef -Stetup method........
[INFO ] 2025-08-28 15:36:45.023 [main] StepDef -User launch chrome browser........
[INFO ] 2025-08-28 15:36:46.023 [main] StepDef -User opens url........
[INFO ] 2025-08-28 15:36:46.365 [main] StepDef -User enters email and password........
[INFO ] 2025-08-28 15:36:46.423 [main] StepDef -Click on Login........
[WARN ] 2025-08-28 15:36:48.430 [main] StepDef -Test pass : Loginf Feature : Page title matched
[INFO ] 2025-08-28 15:36:52.587 [main] StepDef -Click on Logout........
[INFO ] 2025-08-28 17:56:33.467 [main] StepDef -Browser launched: firefox
[INFO ] 2025-08-28 17:56:33.497 [main] StepDef -User launch chrome browser........
[INFO ] 2025-08-28 17:56:34.523 [main] StepDef -User opens url........
[INFO ] 2025-08-28 17:56:34.740 [main] StepDef -User enters email and password........
[INFO ] 2025-08-28 17:56:35.992 [main] StepDef -Click on Login........
[WARN ] 2025-08-28 17:56:36.007 [main] StepDef -Test pass : Loginf Feature : Page title matched
[INFO ] 2025-08-28 18:02:18.436 [main] StepDef -Browser launched: firefox
[INFO ] 2025-08-28 18:02:18.459 [main] StepDef -User launch chrome browser........
[INFO ] 2025-08-28 18:02:18.984 [main] StepDef -User opens url........
[INFO ] 2025-08-28 18:02:19.209 [main] StepDef -User enters email and password........
[INFO ] 2025-08-28 18:02:20.435 [main] StepDef -Click on Login........
[WARN ] 2025-08-28 18:02:20.443 [main] StepDef -Test pass : Loginf Feature : Page title matched
[INFO ] 2025-08-28 18:02:24.515 [main] StepDef -Click on Logout........
[INFO ] 2025-08-28 19:55:32.399 [main] StepDef -Browser launched: chrome
[INFO ] 2025-08-28 19:55:32.424 [main] StepDef -User launch chrome browser........
[INFO ] 2025-08-28 19:55:33.982 [main] StepDef -User opens url........
[INFO ] 2025-08-28 19:55:34.375 [main] StepDef -User enters email and password........
[INFO ] 2025-08-28 19:55:35.847 [main] StepDef -Click on Login........
[WARN ] 2025-08-28 19:55:36.518 [main] StepDef -Test pass : Loginf Feature : Page title matched
[INFO ] 2025-08-28 19:55:38.758 [main] StepDef -Click on Logout........
[WARN ] 2025-08-28 19:55:38.769 [main] StepDef -Test pass : Loginf Feature : Page title matched
[INFO ] 2025-08-28 19:55:38.962 [main] StepDef -Close browser........
[INFO ] 2025-08-28 20:00:48.938 [main] StepDef -Browser launched: chrome
[INFO ] 2025-08-28 20:00:48.958 [main] StepDef -User launch chrome browser........
[INFO ] 2025-08-28 20:00:49.612 [main] StepDef -User opens url........
[INFO ] 2025-08-28 20:00:49.893 [main] StepDef -User enters email and password........
[INFO ] 2025-08-28 20:00:51.279 [main] StepDef -Click on Login........
[WARN ] 2025-08-28 20:00:52.622 [main] StepDef -Test pass : Loginf Feature : Page title matched
[INFO ] 2025-08-28 20:00:56.655 [main] StepDef -Click on Logout........
[WARN ] 2025-08-28 20:00:56.675 [main] StepDef -Test pass : Loginf Feature : Page title matched
[INFO ] 2025-08-28 20:00:56.832 [main] StepDef -Close browser........
[INFO ] 2025-08-28 20:07:11.370 [main] StepDef -Browser launched: chrome
[INFO ] 2025-08-28 20:07:11.392 [main] StepDef -User launch chrome browser........
[INFO ] 2025-08-28 20:07:11.933 [main] StepDef -User opens url........
[INFO ] 2025-08-28 20:07:12.396 [main] StepDef -User enters email and password........
[INFO ] 2025-08-28 20:07:16.870 [main] StepDef -Click on Login........
[WARN ] 2025-08-28 20:07:17.428 [main] StepDef -Test pass : Loginf Feature : Page title matched
[INFO ] 2025-08-28 20:07:22.792 [main] StepDef -Click on Logout........
[WARN ] 2025-08-28 20:07:22.808 [main] StepDef -Test pass : Loginf Feature : Page title matched
[INFO ] 2025-08-28 20:07:22.922 [main] StepDef -Close browser........
